<?xml version="1.0" encoding="UTF-8"?>
<!-- Generated by org.testng.reporters.JUnitReportReporter -->
<testsuite skipped="0" hostname="DESKTOP-DKE3O53" name="base.Condition" tests="1" failures="0" timestamp="07 Oct 2019 16:55:17 GMT" time="0.010" errors="0">
  <testcase name="test" time="0.010" classname="base.Condition"/>
</testsuite> <!-- base.Condition -->
